<?xml version="1.0" encoding="UTF-8"?>
<!-- Generated by org.testng.reporters.JUnitReportReporter -->
<testsuite hostname="IN-HG6XTN3" failures="0" tests="3" name="redbus_nagp_automation.testclass.SmokeTest" time="77.896" errors="0" timestamp="2024-10-04T12:40:15 IST" skipped="0">
  <testcase classname="redbus_nagp_automation.testclass.SmokeTest" name="verifyRedRailPage" time="25.318"/>
  <system-out/>
  <testcase classname="redbus_nagp_automation.testclass.SmokeTest" name="verifyHelpPage" time="33.439"/>
  <system-out/>
  <testcase classname="redbus_nagp_automation.testclass.SmokeTest" name="verifyOffersPage" time="19.139"/>
  <system-out/>
</testsuite> <!-- redbus_nagp_automation.testclass.SmokeTest -->
