<?xml version="1.0" encoding="UTF-8"?>
<!-- Generated by org.testng.reporters.JUnitReportReporter -->
<testsuite hostname="IN-HG6XTN3" failures="0" tests="3" name="redbus_nagp_automation.testclass.MicroSmokeTest" time="41.378" errors="0" timestamp="2024-04-19T21:36:29 IST" skipped="1">
  <testcase classname="redbus_nagp_automation.testclass.MicroSmokeTest" name="verifyHomePage" time="6.767"/>
  <system-out/>
  <testcase classname="redbus_nagp_automation.testclass.MicroSmokeTest" name="verifyHomePage" time="17.969">
    <skipped/>
  </testcase> <!-- verifyHomePage -->
  <system-out/>
  <testcase classname="redbus_nagp_automation.testclass.MicroSmokeTest" name="verifyRedRailPage" time="16.642"/>
  <system-out/>
</testsuite> <!-- redbus_nagp_automation.testclass.MicroSmokeTest -->
