<?xml version="1.0" encoding="UTF-8"?>
<!-- Generated by org.testng.reporters.JUnitReportReporter -->
<testsuite hostname="IN-HG6XTN3" failures="0" tests="2" name="redbus_nagp_automation.testclass.SmokeTest" time="21.337" errors="0" timestamp="2024-04-20T23:08:03 IST" skipped="0">
  <testcase classname="redbus_nagp_automation.testclass.SmokeTest" name="verifyHomePage" time="10.950"/>
  <system-out/>
  <testcase classname="redbus_nagp_automation.testclass.SmokeTest" name="verifyRedRailPage" time="10.387"/>
  <system-out/>
</testsuite> <!-- redbus_nagp_automation.testclass.SmokeTest -->
